<?xml version="1.0" encoding="UTF-8"?>
<!-- Generated by org.testng.reporters.JUnitReportReporter -->
<testsuite hostname="imran" name="testScripts.TC001_TestLogin" tests="1" failures="1" timestamp="25 Dec 2016 15:01:23 GMT" time="0.002" errors="0">
  <testcase name="testLogin" time="0.002" classname="testScripts.TC001_TestLogin">
    <failure type="org.openqa.selenium.WebDriverException" message="Failed to connect to binary FirefoxBinary(C:\Program Files\Mozilla Firefox\firefox.exe) on port 7055; process output follows: 
4474-a285-3208198ce6fd}&quot;,&quot;syncGUID&quot;:&quot;OVHxC0ckq7Du&quot;,&quot;location&quot;:&quot;app-global&quot;,&quot;version&quot;:&quot;47.0.1&quot;,&quot;type&quot;:&quot;theme&quot;,&quot;internalName&quot;:&quot;classic/1.0&quot;,&quot;updateURL&quot;:null,&quot;updateKey&quot;:null,&quot;optionsURL&quot;:null,&quot;optionsType&quot;:null,&quot;aboutURL&quot;:null,&quot;icons&quot;:{&quot;32&quot;:&quot;icon.png&quot;,&quot;48&quot;:&quot;icon.png&quot;},&quot;iconURL&quot;:null,&quot;icon64URL&quot;:null,&quot;defaultLocale&quot;:{&quot;name&quot;:&quot;Default&quot;,&quot;description&quot;:&quot;The default theme.&quot;,&quot;creator&quot;:&quot;Mozilla&quot;,&quot;homepageURL&quot;:null,&quot;contributors&quot;:[&quot;Mozilla Contributors&quot;]},&quot;visible&quot;:true,&quot;active&quot;:true,&quot;userDisabled&quot;:false,&quot;appDisabled&quot;:false,&quot;descriptor&quot;:&quot;C:\\Program Files\\Mozilla Firefox\\browser\\extensions\\{972ce4c6-7e08-4474-a285-3208198ce6fd}.xpi&quot;,&quot;installDate&quot;:1466736750000,&quot;updateDate&quot;:1466736750000,&quot;applyBackgroundUpdates&quot;:1,&quot;skinnable&quot;:true,&quot;size&quot;:22012,&quot;sourceURI&quot;:null,&quot;releaseNotesURI&quot;:null,&quot;softDisabled&quot;:false,&quot;foreignInstall&quot;:false,&quot;hasBinaryComponents&quot;:false,&quot;strictCompatibility&quot;:true,&quot;locales&quot;:[],&quot;targetApplications&quot;:[{&quot;id&quot;:&quot;{ec8030f7-c20a-464f-9b0e-13a3a9e97384}&quot;,&quot;minVersion&quot;:&quot;47.0.1&quot;,&quot;maxVersion&quot;:&quot;47.0.1&quot;}],&quot;targetPlatforms&quot;:[],&quot;seen&quot;:true}
1482678037986	addons.xpi	DEBUG	getModTime: Recursive scan of {972ce4c6-7e08-4474-a285-3208198ce6fd}
1482678037987	DeferredSave.extensions.json	DEBUG	Save changes
1482678037987	addons.xpi	DEBUG	Updating database with changes to installed add-ons
1482678037987	addons.xpi-utils	DEBUG	Updating add-on states
1482678037988	addons.xpi-utils	DEBUG	Writing add-ons list
1482678037991	addons.xpi	DEBUG	Registering manifest for C:\Program Files\Mozilla Firefox\browser\features\e10srollout@mozilla.org.xpi
1482678037991	addons.xpi	DEBUG	Calling bootstrap method startup on e10srollout@mozilla.org version 1.0
1482678037991	addons.xpi	DEBUG	Registering manifest for C:\Program Files\Mozilla Firefox\browser\features\firefox@getpocket.com.xpi
1482678037992	addons.xpi	DEBUG	Calling bootstrap method startup on firefox@getpocket.com version 1.0.2
1482678037993	addons.xpi	DEBUG	Registering manifest for C:\Program Files\Mozilla Firefox\browser\features\loop@mozilla.org.xpi
1482678037993	addons.xpi	DEBUG	Calling bootstrap method startup on loop@mozilla.org version 1.3.2
1482678038009	addons.manager	DEBUG	Registering shutdown blocker for XPIProvider
1482678038009	addons.manager	DEBUG	Provider finished startup: XPIProvider
1482678038009	addons.manager	DEBUG	Starting provider: LightweightThemeManager
1482678038009	addons.manager	DEBUG	Registering shutdown blocker for LightweightThemeManager
1482678038010	addons.manager	DEBUG	Provider finished startup: LightweightThemeManager
1482678038010	addons.manager	DEBUG	Starting provider: GMPProvider
1482678038016	addons.manager	DEBUG	Registering shutdown blocker for GMPProvider
1482678038016	addons.manager	DEBUG	Provider finished startup: GMPProvider
1482678038016	addons.manager	DEBUG	Starting provider: PluginProvider
1482678038016	addons.manager	DEBUG	Registering shutdown blocker for PluginProvider
1482678038016	addons.manager	DEBUG	Provider finished startup: PluginProvider
1482678038017	addons.manager	DEBUG	Completed startup sequence
1482678039871	addons.manager	DEBUG	Starting provider: &lt;unnamed-provider&gt;
1482678039871	addons.manager	DEBUG	Registering shutdown blocker for &lt;unnamed-provider&gt;
1482678039871	addons.manager	DEBUG	Provider finished startup: &lt;unnamed-provider&gt;
1482678039872	DeferredSave.extensions.json	DEBUG	Starting write
1482678040153	addons.repository	DEBUG	No addons.json found.
1482678040156	DeferredSave.addons.json	DEBUG	Save changes
1482678040160	DeferredSave.addons.json	DEBUG	Starting timer
1482678040183	addons.manager	DEBUG	Starting provider: PreviousExperimentProvider
1482678040183	addons.manager	DEBUG	Registering shutdown blocker for PreviousExperimentProvider
1482678040183	addons.manager	DEBUG	Provider finished startup: PreviousExperimentProvider
1482678040188	DeferredSave.extensions.json	DEBUG	Write succeeded
1482678040188	addons.xpi-utils	DEBUG	XPI Database saved, setting schema version preference to 17
1482678040210	DeferredSave.addons.json	DEBUG	Starting write
1482678040221	DeferredSave.addons.json	DEBUG	Write succeeded

Build info: version: &#039;2.51.0&#039;, revision: &#039;1af067dbcaedd7d2ab9af5151fc471d363d97193&#039;, time: &#039;2016-02-05 11:20:57&#039;
System info: host: &#039;imran&#039;, ip: &#039;192.168.0.4&#039;, os.name: &#039;Windows 8.1&#039;, os.arch: &#039;amd64&#039;, os.version: &#039;6.3&#039;, java.version: &#039;1.8.0_102&#039;
Driver info: driver.version: FirefoxDriver">
      <![CDATA[org.openqa.selenium.WebDriverException: Failed to connect to binary FirefoxBinary(C:\Program Files\Mozilla Firefox\firefox.exe) on port 7055; process output follows: 
4474-a285-3208198ce6fd}","syncGUID":"OVHxC0ckq7Du","location":"app-global","version":"47.0.1","type":"theme","internalName":"classic/1.0","updateURL":null,"updateKey":null,"optionsURL":null,"optionsType":null,"aboutURL":null,"icons":{"32":"icon.png","48":"icon.png"},"iconURL":null,"icon64URL":null,"defaultLocale":{"name":"Default","description":"The default theme.","creator":"Mozilla","homepageURL":null,"contributors":["Mozilla Contributors"]},"visible":true,"active":true,"userDisabled":false,"appDisabled":false,"descriptor":"C:\\Program Files\\Mozilla Firefox\\browser\\extensions\\{972ce4c6-7e08-4474-a285-3208198ce6fd}.xpi","installDate":1466736750000,"updateDate":1466736750000,"applyBackgroundUpdates":1,"skinnable":true,"size":22012,"sourceURI":null,"releaseNotesURI":null,"softDisabled":false,"foreignInstall":false,"hasBinaryComponents":false,"strictCompatibility":true,"locales":[],"targetApplications":[{"id":"{ec8030f7-c20a-464f-9b0e-13a3a9e97384}","minVersion":"47.0.1","maxVersion":"47.0.1"}],"targetPlatforms":[],"seen":true}
1482678037986	addons.xpi	DEBUG	getModTime: Recursive scan of {972ce4c6-7e08-4474-a285-3208198ce6fd}
1482678037987	DeferredSave.extensions.json	DEBUG	Save changes
1482678037987	addons.xpi	DEBUG	Updating database with changes to installed add-ons
1482678037987	addons.xpi-utils	DEBUG	Updating add-on states
1482678037988	addons.xpi-utils	DEBUG	Writing add-ons list
1482678037991	addons.xpi	DEBUG	Registering manifest for C:\Program Files\Mozilla Firefox\browser\features\e10srollout@mozilla.org.xpi
1482678037991	addons.xpi	DEBUG	Calling bootstrap method startup on e10srollout@mozilla.org version 1.0
1482678037991	addons.xpi	DEBUG	Registering manifest for C:\Program Files\Mozilla Firefox\browser\features\firefox@getpocket.com.xpi
1482678037992	addons.xpi	DEBUG	Calling bootstrap method startup on firefox@getpocket.com version 1.0.2
1482678037993	addons.xpi	DEBUG	Registering manifest for C:\Program Files\Mozilla Firefox\browser\features\loop@mozilla.org.xpi
1482678037993	addons.xpi	DEBUG	Calling bootstrap method startup on loop@mozilla.org version 1.3.2
1482678038009	addons.manager	DEBUG	Registering shutdown blocker for XPIProvider
1482678038009	addons.manager	DEBUG	Provider finished startup: XPIProvider
1482678038009	addons.manager	DEBUG	Starting provider: LightweightThemeManager
1482678038009	addons.manager	DEBUG	Registering shutdown blocker for LightweightThemeManager
1482678038010	addons.manager	DEBUG	Provider finished startup: LightweightThemeManager
1482678038010	addons.manager	DEBUG	Starting provider: GMPProvider
1482678038016	addons.manager	DEBUG	Registering shutdown blocker for GMPProvider
1482678038016	addons.manager	DEBUG	Provider finished startup: GMPProvider
1482678038016	addons.manager	DEBUG	Starting provider: PluginProvider
1482678038016	addons.manager	DEBUG	Registering shutdown blocker for PluginProvider
1482678038016	addons.manager	DEBUG	Provider finished startup: PluginProvider
1482678038017	addons.manager	DEBUG	Completed startup sequence
1482678039871	addons.manager	DEBUG	Starting provider: <unnamed-provider>
1482678039871	addons.manager	DEBUG	Registering shutdown blocker for <unnamed-provider>
1482678039871	addons.manager	DEBUG	Provider finished startup: <unnamed-provider>
1482678039872	DeferredSave.extensions.json	DEBUG	Starting write
1482678040153	addons.repository	DEBUG	No addons.json found.
1482678040156	DeferredSave.addons.json	DEBUG	Save changes
1482678040160	DeferredSave.addons.json	DEBUG	Starting timer
1482678040183	addons.manager	DEBUG	Starting provider: PreviousExperimentProvider
1482678040183	addons.manager	DEBUG	Registering shutdown blocker for PreviousExperimentProvider
1482678040183	addons.manager	DEBUG	Provider finished startup: PreviousExperimentProvider
1482678040188	DeferredSave.extensions.json	DEBUG	Write succeeded
1482678040188	addons.xpi-utils	DEBUG	XPI Database saved, setting schema version preference to 17
1482678040210	DeferredSave.addons.json	DEBUG	Starting write
1482678040221	DeferredSave.addons.json	DEBUG	Write succeeded

Build info: version: '2.51.0', revision: '1af067dbcaedd7d2ab9af5151fc471d363d97193', time: '2016-02-05 11:20:57'
System info: host: 'imran', ip: '192.168.0.4', os.name: 'Windows 8.1', os.arch: 'amd64', os.version: '6.3', java.version: '1.8.0_102'
Driver info: driver.version: FirefoxDriver
	at org.openqa.selenium.firefox.internal.NewProfileExtensionConnection.start(NewProfileExtensionConnection.java:125)
	at org.openqa.selenium.firefox.FirefoxDriver.startClient(FirefoxDriver.java:271)
	at org.openqa.selenium.remote.RemoteWebDriver.<init>(RemoteWebDriver.java:119)
	at org.openqa.selenium.firefox.FirefoxDriver.<init>(FirefoxDriver.java:216)
	at org.openqa.selenium.firefox.FirefoxDriver.<init>(FirefoxDriver.java:211)
	at org.openqa.selenium.firefox.FirefoxDriver.<init>(FirefoxDriver.java:207)
	at org.openqa.selenium.firefox.FirefoxDriver.<init>(FirefoxDriver.java:120)
	at testBase.TestBase.selectBrowser(TestBase.java:64)
	at testBase.TestBase.init(TestBase.java:26)
	at testScripts.TC001_TestLogin.setup(TC001_TestLogin.java:19)
	at sun.reflect.NativeMethodAccessorImpl.invoke0(Native Method)
	at sun.reflect.NativeMethodAccessorImpl.invoke(NativeMethodAccessorImpl.java:62)
	at sun.reflect.DelegatingMethodAccessorImpl.invoke(DelegatingMethodAccessorImpl.java:43)
	at java.lang.reflect.Method.invoke(Method.java:498)
	at org.testng.internal.MethodInvocationHelper.invokeMethod(MethodInvocationHelper.java:80)
	at org.testng.internal.Invoker.invokeConfigurationMethod(Invoker.java:564)
	at org.testng.internal.Invoker.invokeConfigurations(Invoker.java:213)
	at org.testng.internal.Invoker.invokeConfigurations(Invoker.java:138)
	at org.testng.internal.TestMethodWorker.invokeBeforeClassMethods(TestMethodWorker.java:175)
	at org.testng.internal.TestMethodWorker.run(TestMethodWorker.java:107)
	at org.testng.TestRunner.privateRun(TestRunner.java:767)
	at org.testng.TestRunner.run(TestRunner.java:617)
	at org.testng.SuiteRunner.runTest(SuiteRunner.java:334)
	at org.testng.SuiteRunner.runSequentially(SuiteRunner.java:329)
	at org.testng.SuiteRunner.privateRun(SuiteRunner.java:291)
	at org.testng.SuiteRunner.run(SuiteRunner.java:240)
	at org.testng.SuiteRunnerWorker.runSuite(SuiteRunnerWorker.java:52)
	at org.testng.SuiteRunnerWorker.run(SuiteRunnerWorker.java:86)
	at org.testng.TestNG.runSuitesSequentially(TestNG.java:1198)
	at org.testng.TestNG.runSuitesLocally(TestNG.java:1123)
	at org.testng.TestNG.run(TestNG.java:1031)
	at org.testng.remote.AbstractRemoteTestNG.run(AbstractRemoteTestNG.java:132)
	at org.testng.remote.RemoteTestNG.initAndRun(RemoteTestNG.java:236)
	at org.testng.remote.RemoteTestNG.main(RemoteTestNG.java:81)
Caused by: org.openqa.selenium.firefox.NotConnectedException: Unable to connect to host 127.0.0.1 on port 7055 after 45000 ms. Firefox console output:
4474-a285-3208198ce6fd}","syncGUID":"OVHxC0ckq7Du","location":"app-global","version":"47.0.1","type":"theme","internalName":"classic/1.0","updateURL":null,"updateKey":null,"optionsURL":null,"optionsType":null,"aboutURL":null,"icons":{"32":"icon.png","48":"icon.png"},"iconURL":null,"icon64URL":null,"defaultLocale":{"name":"Default","description":"The default theme.","creator":"Mozilla","homepageURL":null,"contributors":["Mozilla Contributors"]},"visible":true,"active":true,"userDisabled":false,"appDisabled":false,"descriptor":"C:\\Program Files\\Mozilla Firefox\\browser\\extensions\\{972ce4c6-7e08-4474-a285-3208198ce6fd}.xpi","installDate":1466736750000,"updateDate":1466736750000,"applyBackgroundUpdates":1,"skinnable":true,"size":22012,"sourceURI":null,"releaseNotesURI":null,"softDisabled":false,"foreignInstall":false,"hasBinaryComponents":false,"strictCompatibility":true,"locales":[],"targetApplications":[{"id":"{ec8030f7-c20a-464f-9b0e-13a3a9e97384}","minVersion":"47.0.1","maxVersion":"47.0.1"}],"targetPlatforms":[],"seen":true}
1482678037986	addons.xpi	DEBUG	getModTime: Recursive scan of {972ce4c6-7e08-4474-a285-3208198ce6fd}
1482678037987	DeferredSave.extensions.json	DEBUG	Save changes
1482678037987	addons.xpi	DEBUG	Updating database with changes to installed add-ons
1482678037987	addons.xpi-utils	DEBUG	Updating add-on states
1482678037988	addons.xpi-utils	DEBUG	Writing add-ons list
1482678037991	addons.xpi	DEBUG	Registering manifest for C:\Program Files\Mozilla Firefox\browser\features\e10srollout@mozilla.org.xpi
1482678037991	addons.xpi	DEBUG	Calling bootstrap method startup on e10srollout@mozilla.org version 1.0
1482678037991	addons.xpi	DEBUG	Registering manifest for C:\Program Files\Mozilla Firefox\browser\features\firefox@getpocket.com.xpi
1482678037992	addons.xpi	DEBUG	Calling bootstrap method startup on firefox@getpocket.com version 1.0.2
1482678037993	addons.xpi	DEBUG	Registering manifest for C:\Program Files\Mozilla Firefox\browser\features\loop@mozilla.org.xpi
1482678037993	addons.xpi	DEBUG	Calling bootstrap method startup on loop@mozilla.org version 1.3.2
1482678038009	addons.manager	DEBUG	Registering shutdown blocker for XPIProvider
1482678038009	addons.manager	DEBUG	Provider finished startup: XPIProvider
1482678038009	addons.manager	DEBUG	Starting provider: LightweightThemeManager
1482678038009	addons.manager	DEBUG	Registering shutdown blocker for LightweightThemeManager
1482678038010	addons.manager	DEBUG	Provider finished startup: LightweightThemeManager
1482678038010	addons.manager	DEBUG	Starting provider: GMPProvider
1482678038016	addons.manager	DEBUG	Registering shutdown blocker for GMPProvider
1482678038016	addons.manager	DEBUG	Provider finished startup: GMPProvider
1482678038016	addons.manager	DEBUG	Starting provider: PluginProvider
1482678038016	addons.manager	DEBUG	Registering shutdown blocker for PluginProvider
1482678038016	addons.manager	DEBUG	Provider finished startup: PluginProvider
1482678038017	addons.manager	DEBUG	Completed startup sequence
1482678039871	addons.manager	DEBUG	Starting provider: <unnamed-provider>
1482678039871	addons.manager	DEBUG	Registering shutdown blocker for <unnamed-provider>
1482678039871	addons.manager	DEBUG	Provider finished startup: <unnamed-provider>
1482678039872	DeferredSave.extensions.json	DEBUG	Starting write
1482678040153	addons.repository	DEBUG	No addons.json found.
1482678040156	DeferredSave.addons.json	DEBUG	Save changes
1482678040160	DeferredSave.addons.json	DEBUG	Starting timer
1482678040183	addons.manager	DEBUG	Starting provider: PreviousExperimentProvider
1482678040183	addons.manager	DEBUG	Registering shutdown blocker for PreviousExperimentProvider
1482678040183	addons.manager	DEBUG	Provider finished startup: PreviousExperimentProvider
1482678040188	DeferredSave.extensions.json	DEBUG	Write succeeded
1482678040188	addons.xpi-utils	DEBUG	XPI Database saved, setting schema version preference to 17
1482678040210	DeferredSave.addons.json	DEBUG	Starting write
1482678040221	DeferredSave.addons.json	DEBUG	Write succeeded

	at org.openqa.selenium.firefox.internal.NewProfileExtensionConnection.start(NewProfileExtensionConnection.java:113)
	... 33 more
]]>
    </failure>
  </testcase> <!-- testLogin -->
</testsuite> <!-- testScripts.TC001_TestLogin -->
